<?xml version="1.0" encoding="UTF-8"?>
<!-- Generated by org.testng.reporters.JUnitReportReporter -->
<testsuite skipped="0" hostname="DESKTOP-AUKOFLA" name="mavenTest.RESTAPITest" tests="2" failures="0" timestamp="2021-02-04T11:31:58 EET" time="0.001" errors="0">
  <testcase name="postJira" time="0.000" classname="mavenTest.RESTAPITest"/>
  <system-out/>
  <testcase name="deleteTwitter" time="0.001" classname="mavenTest.RESTAPITest"/>
  <system-out/>
</testsuite> <!-- mavenTest.RESTAPITest -->
