<?xml version="1.0" encoding="UTF-8"?>
<!-- Generated by org.testng.reporters.JUnitReportReporter -->
<testsuite skipped="0" hostname="DESKTOP-AUKOFLA" name="mavenTest.AppiumTest" tests="2" failures="0" timestamp="2021-02-04T11:31:58 EET" time="0.007" errors="0">
  <testcase name="IOSApp" time="0.007" classname="mavenTest.AppiumTest"/>
  <system-out/>
  <testcase name="NativeAppAndroid" time="0.000" classname="mavenTest.AppiumTest"/>
  <system-out/>
</testsuite> <!-- mavenTest.AppiumTest -->
