<?xml version="1.0" encoding="UTF-8"?>
<!-- Generated by org.testng.reporters.JUnitReportReporter -->
<testsuite skipped="0" hostname="DESKTOP-AUKOFLA" name="mavenTest.SeleniumTest" tests="2" failures="0" timestamp="2021-02-04T11:31:58 EET" time="0.000" errors="0">
  <testcase name="BrowserAutomation" time="0.000" classname="mavenTest.SeleniumTest"/>
  <system-out/>
  <testcase name="elementsUI" time="0.000" classname="mavenTest.SeleniumTest"/>
  <system-out/>
</testsuite> <!-- mavenTest.SeleniumTest -->
